<?xml version="1.0" encoding="UTF-8"?>
<!-- Generated by org.testng.reporters.JUnitXMLReporter -->
<testsuite hostname="USIVNWIAQ200" ignored="0" name="Test" tests="1" failures="1" timestamp="17 May 2021 15:04:19 GMT" time="22.537" errors="0">
  <testcase name="feature" time="21.604" classname="com.sus.api.scm.runner.APIRunner">
    <failure type="cucumber.runtime.CucumberException" message="org.junit.ComparisonFailure: expected:&amp;lt;[401]&amp;gt; but was:&amp;lt;[200]&amp;gt;">
      <![CDATA[cucumber.runtime.CucumberException: org.junit.ComparisonFailure: expected:<[401]> but was:<[200]>
at cucumber.api.testng.TestNGCucumberRunner.runCucumber(TestNGCucumberRunner.java:69)
at com.sus.api.scm.runner.APIRunner.feature(APIRunner.java:25)
Caused by: org.junit.ComparisonFailure: expected:<[401]> but was:<[200]>
at org.junit.Assert.assertEquals(Assert.java:125)
at org.junit.Assert.assertEquals(Assert.java:147)
at stepDefinations.ConnectMe.StepDefinationConnectMeApi.user_validate_API_call_got_success_with_status_code(StepDefinationConnectMeApi.java:58)
at âœ½.And user validate API call got success  with status  code "200"(ConnectMe/CreateProgramAPI.feature:8)
... Removed 29 stack frames]]>
    </failure>
  </testcase> <!-- feature -->
</testsuite> <!-- Test -->
